MPASM  5.48                       RC5_LIB.ASM   4-16-2013  21:58:38         PAGE  1


LOC  OBJECT CODE     LINE SOURCE TEXT
  VALUE

                      00001 ;------------------------------------------------------------------
                      00002 ;       FILE:           ir_tx_RC5.asm
                      00003 ;       AUTHOR:         Tom Perme
                      00004 ;       COMPANY:        Microchip Technology, Inc.
                      00005 ;       DEVICE:         10F206
                      00006 ;       DEVICE:         18F2455 by PEB
                      00007 ;       CREATED:        10/08/2006
                      00008 ;       UPDATED:        mm/dd/yyyy
                      00009 ;
                      00010 ;       DESCRIP:        Application Note example file to illustrate RC5 
                      00011 ;                               protocol being transmitted over an infrared LED.
                      00012 ;
                      00013 ;  Software License Agreement:
                      00014 ; 
                      00015 ;  The software supplied herewith by Microchip Technology Incorporated
                      00016 ;  (the "Company") for its PICmicro® Microcontroller is intended and
                      00017 ;  supplied to you, the Company's customer, for use solely and
                      00018 ;  exclusively on Microchip PICmicro Microcontroller products. The
                      00019 ;  software is owned by the Company and/or its supplier, and is
                      00020 ;  protected under applicable copyright laws. All rights are reserved.
                      00021 ;  Any use in violation of the foregoing restrictions may subject the
                      00022 ;  user to criminal sanctions under applicable laws, as well as to
                      00023 ;  civil liability for the breach of the terms and conditions of this
                      00024 ;  license.
                      00025 ; 
                      00026 ;  THIS SOFTWARE IS PROVIDED IN AN "AS IS" CONDITION. NO WARRANTIES,
                      00027 ;  WHETHER EXPRESS, IMPLIED OR STATUTORY, INCLUDING, BUT NOT LIMITED
                      00028 ;  TO, IMPLIED WARRANTIES OF MERCHANTABILITY AND FITNESS FOR A
                      00029 ;  PARTICULAR PURPOSE APPLY TO THIS SOFTWARE. THE COMPANY SHALL NOT,
                      00030 ;  IN ANY CIRCUMSTANCES, BE LIABLE FOR SPECIAL, INCIDENTAL OR
                      00031 ;  CONSEQUENTIAL DAMAGES, FOR ANY REASON WHATSOEVER.
                      00032 ;------------------------------------------------------------------
                      00033 
                      00034         include "p18f2455.inc"
                      00001         LIST
                      00002 
                      00003 ;==========================================================================
                      00004 ;  MPASM PIC18F2455 processor include
                      00005 ; 
                      00006 ;  (c) Copyright 1999-2012 Microchip Technology, All rights reserved
                      00007 ;==========================================================================
                      00008 
                      01556         LIST
                      00035 
                      00036 ; RB5 == led output
                      00037 #define OUTPUT_LED              PORTB, RB5      ; Define the OUTPUT LED PIN  0/off, 1/on
                      00038 
                      00039 
                      00040 ; CONSTANTS
                      00041 #define TV1                             0x00            ; Address for device TV1
                      00042 #define CD_PLAYER               0x14            ; Address value for 'RC5' CD Player
                      00043 
                      00044 #define PLAY_CMD                0x35            ; Command value for RC5 Data "Play" 
MPASM  5.48                       RC5_LIB.ASM   4-16-2013  21:58:38         PAGE  2


LOC  OBJECT CODE     LINE SOURCE TEXT
  VALUE

                      00045 #define STOP_CMD                0x36            ; Command value for RC5 Data "Stop"
                      00046 #define VOLUP_CMD               0x10            ; Command values for volume up
                      00047 #define VOLDOWN_CMD             0x11            ;  and volume down.
                      00048 
                      00049 
                      00050     UDATA_ACS
                      00051 
000000                00052 Delay_Count     res 1           ; Define registers for
000001                00053 Delay_Count2    res 1           ; delay routines (0x10,0x11 for 10F20x)
                      00054 
000002                00055 DataByte                res 1           ; Define a byte to use for RC5 Data
000003                00056 AddrByte                res 1           ; Define a byte to use for RC5 address
000004                00057 ToggByte                res 1           ; Define a byte to determine toggle low or high
                      00058 
                      00059 ; export vars
  0000                00060     global DataByte
  0000                00061     global AddrByte
  0000                00062     global ToggByte
                      00063 
                      00064 ; function
  0000                00065     global SendRC5              ; so linker will see it
                      00066 
                      00067 ;
                      00068 ; PEB: dead code from ir_tx_RC5.asm left in case I missed something
                      00069 ;
                      00070 
                      00071 ; IR_Init:
                      00072 ;
                      00073 ; Initialize port functions and directions
                      00074 ;
                      00075 ; 10F20x parts must disable the comparator to use GPIO pins as I/O
                      00076 ;       bcf     CMCON0, CMPON           ; Disable comparator
                      00077 ;
                      00078 ; Also disable Timer 0, and enable pullups on inputs.
                      00079 ;       movlw   b'00001000'                     ; Enable wake-up on change, pullups, and
                      00080 ;       option                                          ; set prescalar to WDT to disable tmr0
                      00081 ;
                      00082 ;       movlw   b'00000011'                     ; Define GP0, GP1 as inputs.
                      00083 ;       tris    GPIO                            ; Load W into TRIS
                      00084 ;
                      00085 ;       bcf             OUTPUT_LED                      ; Init output off
                      00086 ;
                      00087 ;
                      00088 ; IR_Main:
                      00089 ; send RC5 transmission with toggle bit = 0.
                      00090 ;       movlw   TV1                     
                      00091 ;       movwf   AddrByte                        ; Load Device Address
                      00092 ;       movlw   VOLDOWN_CMD                     
                      00093 ;       movwf   DataByte                        ; Load Data byte with command
                      00094 ;       movlw   0x00                            
                      00095 ;       movwf   ToggByte                        ; Send Toggle=0 for button down.
                      00096 ;       call    SendRC5
                      00097 ;
MPASM  5.48                       RC5_LIB.ASM   4-16-2013  21:58:38         PAGE  3


LOC  OBJECT CODE     LINE SOURCE TEXT
  VALUE

                      00098 ; Send a final transmission with toggle bit = 1.
                      00099 ;       movlw   TV1                     
                      00100 ;       movwf   AddrByte                        ; Load Device Address
                      00101 ;       movlw   VOLDOWN_CMD                     
                      00102 ;       movwf   DataByte                        ; Load Data byte with command
                      00103 ;       movlw   0xFF
                      00104 ;       movwf   ToggByte                        ; Send Toggle=1 for button released
                      00105 ;       call    SendRC5                         ; Send button released.
                      00106 
                      00107 
                      00108     CODE
                      00109 
                      00110 ;******************************************************************
                      00111 ;  SUB-ROUTINES
                      00112 ;******************************************************************
                      00113 
                      00114 ;------------------------------------------------------------------
                      00115 ;  SendRC5
                      00116 ;
                      00117 ;               Before calling, preload registers DataByte and AddrByte with 
                      00118 ;       appropriate values to be sent.
                      00119 ; 
                      00120 ;       DataByte = 6 bits of data to send (upper 2 bits ignored)
                      00121 ;       AddrByte = 5 bits of addr to identify target (upper 3 bits ignored)
                      00122 ;       ToggByte = 0/1  ;  button -> off/on
                      00123 ;------------------------------------------------------------------
                      00124 
000000                00125 SendRC5
000000 9EF2           00126     bcf INTCON, GIEH        ; disable interupts for the duration
                      00127 
                      00128         ; Pre-shift Addr Byte
000002 36??           00129     rlcf AddrByte, F            ; Must be rotated left 3 bits
000004 36??           00130     rlcf AddrByte, F            ;
000006 36??           00131         rlcf AddrByte, F                ; MSB now is MSB of 5 bit #
                      00132         ; Pre-shift Data Byte
000008 36??           00133         rlcf DataByte, F                ; Must be rotated left 2 bits
00000A 36??           00134         rlcf DataByte, F                ; MSB now is MSB of 6 bit #
                      00135 
                      00136         ; SEND PREAMBLE
00000C EC?? F???      00137         call    SendOne                 ; S1            Start 1
000010 EC?? F???      00138         call    SendOne                 ; S2            Start 2
                      00139 
                      00140         ; SEND TOGGLE
000014 A0??           00141         btfss   ToggByte, 0             ; if toggle is one, skip instr
000016 EC?? F???      00142         call    SendZero                ; Send a 0, toggle byte is zero
00001A B0??           00143         btfsc   ToggByte, 0             ; 
00001C EC?? F???      00144         call    SendOne                 ; toggle byte is set, need to send a 1
                      00145 
                      00146         ; SEND DATA IN SPEED EFFICIENT MANNER
                      00147 
                      00148         ; SEND ADDRESS
                      00149         ; Begin shifting out address
                      00150         ; bit 4
MPASM  5.48                       RC5_LIB.ASM   4-16-2013  21:58:38         PAGE  4


LOC  OBJECT CODE     LINE SOURCE TEXT
  VALUE

000020 36??           00151         rlcf            AddrByte, F             ; Shift out MSB.. C = MSB
000022 A0D8           00152         btfss   STATUS, C               ; if bit is 1, skip next instr.
000024 EC?? F???      00153         call    SendZero                ; bit is 0, send a zero
000028 B0D8           00154         btfsc   STATUS, C
00002A EC?? F???      00155         call    SendOne                 ; bit is 1, send a one
                      00156         ; bit 3
00002E 36??           00157         rlcf            AddrByte, F             ; Shift out MSB.. C = MSB
000030 A0D8           00158         btfss   STATUS, C               ; if bit is 1, skip next instr.
000032 EC?? F???      00159         call    SendZero                ; bit is 0, send a zero
000036 B0D8           00160         btfsc   STATUS, C
000038 EC?? F???      00161         call    SendOne                 ; bit is 1, send a one
                      00162         ; bit 2
00003C 36??           00163         rlcf            AddrByte, F             ; Shift out MSB.. C = MSB
00003E A0D8           00164         btfss   STATUS, C               ; if bit is 1, skip next instr.
000040 EC?? F???      00165         call    SendZero                ; bit is 0, send a zero
000044 B0D8           00166         btfsc   STATUS, C
000046 EC?? F???      00167         call    SendOne                 ; bit is 1, send a one
                      00168         ; bit 1
00004A 36??           00169         rlcf            AddrByte, F             ; Shift out MSB.. C = MSB
00004C A0D8           00170         btfss   STATUS, C               ; if bit is 1, skip next instr.
00004E EC?? F???      00171         call    SendZero                ; bit is 0, send a zero
000052 B0D8           00172         btfsc   STATUS, C
000054 EC?? F???      00173         call    SendOne                 ; bit is 1, send a one
                      00174         ; bit 0
000058 36??           00175         rlcf            AddrByte, F             ; Shift out MSB.. C = MSB
00005A A0D8           00176         btfss   STATUS, C               ; if bit is 1, skip next instr.
00005C EC?? F???      00177         call    SendZero                ; bit is 0, send a zero
000060 B0D8           00178         btfsc   STATUS, C
000062 EC?? F???      00179         call    SendOne                 ; bit is 1, send a one
                      00180 
                      00181         
                      00182         ; SEND DATA
                      00183         ; Shift Out DataByte
                      00184         ; bit 5
000066 36??           00185         rlcf            DataByte, F             ; Shift out MSB.. C = MSB
000068 A0D8           00186         btfss   STATUS, C               ; if bit is 1, skip next instr.
00006A EC?? F???      00187         call    SendZero                ; bit is 0, send a zero
00006E B0D8           00188         btfsc   STATUS, C
000070 EC?? F???      00189         call    SendOne                 ; bit is 1, send a one
                      00190         ; bit 4
000074 36??           00191         rlcf            DataByte, F             ; Shift out MSB.. C = MSB
000076 A0D8           00192         btfss   STATUS, C               ; if bit is 1, skip next instr.
000078 EC?? F???      00193         call    SendZero                ; bit is 0, send a zero
00007C B0D8           00194         btfsc   STATUS, C
00007E EC?? F???      00195         call    SendOne                 ; bit is 1, send a one
                      00196         ; bit 3
000082 36??           00197         rlcf            DataByte, F             ; Shift out MSB.. C = MSB
000084 A0D8           00198         btfss   STATUS, C               ; if bit is 1, skip next instr.
000086 EC?? F???      00199         call    SendZero                ; bit is 0, send a zero
00008A B0D8           00200         btfsc   STATUS, C
00008C EC?? F???      00201         call    SendOne                 ; bit is 1, send a one
                      00202         ; bit 2
000090 36??           00203         rlcf            DataByte, F             ; Shift out MSB.. C = MSB
MPASM  5.48                       RC5_LIB.ASM   4-16-2013  21:58:38         PAGE  5


LOC  OBJECT CODE     LINE SOURCE TEXT
  VALUE

000092 A0D8           00204         btfss   STATUS, C               ; if bit is 1, skip next instr.
000094 EC?? F???      00205         call    SendZero                ; bit is 0, send a zero
000098 B0D8           00206         btfsc   STATUS, C
00009A EC?? F???      00207         call    SendOne                 ; bit is 1, send a one
                      00208         ; bit 1
00009E 36??           00209         rlcf            DataByte, F             ; Shift out MSB.. C = MSB
0000A0 A0D8           00210         btfss   STATUS, C               ; if bit is 1, skip next instr.
0000A2 EC?? F???      00211         call    SendZero                ; bit is 0, send a zero
0000A6 B0D8           00212         btfsc   STATUS, C
0000A8 EC?? F???      00213         call    SendOne                 ; bit is 1, send a one
                      00214         ; bit 0
0000AC 36??           00215         rlcf            DataByte, F             ; Shift out MSB.. C = MSB
0000AE A0D8           00216         btfss   STATUS, C               ; if bit is 1, skip next instr.
0000B0 EC?? F???      00217         call    SendZero                ; bit is 0, send a zero
0000B4 B0D8           00218         btfsc   STATUS, C
0000B6 EC?? F???      00219         call    SendOne                 ; bit is 1, send a one  
                      00220         
                      00221         ; 25 ms passed
                      00222 
                      00223         ; Delay remaining time so that repetitive calls to SendRC5
                      00224         ; occur at 114ms intervals as per RC5 spec.
                      00225 
                      00226         ; 114-25 = 89ms
0000BA 9A81           00227         bcf             OUTPUT_LED                      ; Set output low for off time
                      00228 
                      00229 
                      00230     ; 
                      00231     ; PEB XXX FIXME
                      00232     ; this delay should be removed
                      00233     ; and make the caller do it
                      00234     ; 
                      00235 
                      00236 ; PEB REMOVED DELAY
                      00237 ; 
                      00238 ;       movlw   d'89'               
                      00239 ;       movwf   Delay_Count2            ; outer loop delay counter
                      00240 ;
                      00241 ;       call    delay_1ms                       ; Delay 1ms ea. time through loop
                      00242 ;D0 decfsz      Delay_Count2, F         ; Go through loop 
                      00243 ;       bra     D0                                      ; if count not 0, keep looping
                      00244 ;       ;goto   $-2                                     ; if count not 0, keep looping
                      00245 ;
0000BC 8EF2           00246     bsf INTCON, GIEH            ; enable interupts
                      00247 
0000BE 0012           00248         return                                          ; Return from SendRC5 routine
                      00249 
                      00250 
                      00251 
                      00252 
                      00253 ;------------------------------------------------------------------
                      00254 ;  SendOne
                      00255 ;
                      00256 ;               A "1" in Manchester goes from Low-High over the bit period
MPASM  5.48                       RC5_LIB.ASM   4-16-2013  21:58:38         PAGE  6


LOC  OBJECT CODE     LINE SOURCE TEXT
  VALUE

                      00257 ;       Timing based off 4MHz internal clock with 1MHz Instruction
                      00258 ;       cycle. During the pulsing period, the carrier frequency should
                      00259 ;       be 36kHz, and the duty cycle of the carrier should be about 1/4.
                      00260 ;------------------------------------------------------------------
0000C0                00261 SendOne:
                      00262 
                      00263         ; LOW HALF (889us = 889 instr cycles)
0000C0 9A81           00264         bcf     OUTPUT_LED                      ; Turn off LED
                      00265                 ; 1 --> 888us                   ; (-1) instr cycle from total needed
                      00266         ;
0000C2 0EFF           00267         movlw   0xFF                            ; (-1) Move 0xFF (255) into w
0000C4 6E??           00268         movwf   Delay_Count                     ; (-1) Move w -> Delay_Count
0000C6 2E??           00269 DD0     decfsz  Delay_Count, F          ; (-1) Decrement F, skip if result = 0
0000C8 D???           00270         bra     DD0                                     ; (-2) Go back 1, keep decrementing until 0
                      00271 ;       goto    $-1                                     ; (-2) Go back 1, keep decrementing until 0
                      00272                 ; Loop Eq. = 3*N-1 cycles
                      00273                 ; 3*254 = 764us completed in loop, + 3 cycles beforehand..
                      00274                 ; 767us completed --> 122us to go.
                      00275         ;
0000CA 0E27           00276         movlw   d'39'                           ; -1 (Load to finish time accurately)
0000CC 6E??           00277         movwf   Delay_Count                     ; -1
0000CE 2E??           00278 DD1     decfsz  Delay_Count, F          ; -1
0000D0 D???           00279         bra     DD1                                     ; -2
                      00280 ;       goto    $-1                                     ; -2
                      00281                 ; NOTE: there are two cycles following this 
                      00282                 ;               before pulsing will start.. so take 2 cycles off desired
                      00283                 ; 1 + 1 + 3*N-1 = 122 - 2 --> N=39.66
                      00284                 ; Choose N = 39, gives 116 cycles in loop, +2 setup, +2 lagging
                      00285                 ; = 116+2+2 = 120   -->   need 2 nops, or 1 goto $+1
0000D2 D???           00286         bra     DD2                                     ; -2
                      00287 ;       goto    $+1                                     ; -2
                      00288 
                      00289         ;
                      00290         ; HIGH HALF (889us)
                      00291         ; Toggle 7us on, 21us off for 35.7kHz (~36kHz) for the duration
                      00292         ; Pulsing 7 on, 21 off yields a 1/4 time duty cycle for carrier.
                      00293         ; Has 32 pulses of these periods 32*28us = 896us (~889us)
                      00294         ;
                      00295         ; These two clock cycles contribute to LOW TIME
0000D4 0E20           00296 DD2     movlw   d'32'                           ; -1    (2 addit'l low cycles on low time)
0000D6 6E??           00297         movwf   Delay_Count2            ; -1    num pulses counter
                      00298 
0000D8                00299 CarrierLoopOne:
0000D8 8A81           00300         bsf             OUTPUT_LED                      ; -1    (BEGIN ON TIME)
                      00301         ;goto   $+1                                     ; -2us
                      00302         ;goto   $+1                                     ; -2us
                      00303         ;goto   $+1                                     ; -2us  delayed 7us
0000DA D???           00304     bra DL3
0000DC D???           00305 DL3 bra DL4
0000DE D???           00306 DL4 bra DL5
0000E0 9A81           00307 DL5 bcf         OUTPUT_LED                      ; -1    (BEGIN OFF TIME)
0000E2 0E05           00308         movlw   d'5'                            ; -1 (Load to finish time accurately)
0000E4 6E??           00309         movwf   Delay_Count                     ; -1
MPASM  5.48                       RC5_LIB.ASM   4-16-2013  21:58:38         PAGE  7


LOC  OBJECT CODE     LINE SOURCE TEXT
  VALUE

0000E6 2E??           00310 DD3     decfsz  Delay_Count, F          ; -1
0000E8 D???           00311         bra     DD3                                     ; -2
                      00312 ;       goto    $-1                                     ; -2
                      00313                 ; 1 + 1 + 1 + 3*N-1 = 21-3  --> x = 5.33
                      00314                 ; Choose N=5, 1+1+1 + LOOP=14 =17 --> need 1 nop
0000EA 0000           00315         nop
0000EC 2E??           00316         decfsz  Delay_Count2, F         ; -1  3us tacked on each pulse xcept last one
                      00317         ; goto  CarrierLoopOne          ; -2  TAKE OFF OF ABOVE CALC
0000EE D???           00318         bra     CarrierLoopOne          ; -2  TAKE OFF OF ABOVE CALC
                      00319 
                      00320         ; DONE Sending a one
0000F0 0012           00321         return                                          ; -2 return from subroutine     
                      00322         
                      00323 
                      00324 
                      00325 ;------------------------------------------------------------------
                      00326 ;  SendZero
                      00327 ;
                      00328 ;               A "0" in Manchester goes from High-Low over the bit period.
                      00329 ;       The high period is a series of pulses of duty cycle 1/4 at a 
                      00330 ;       frequency of 36kHz.  This implementation yields 35.71kHz.
                      00331 ;------------------------------------------------------------------
0000F2                00332 SendZero:
                      00333 
                      00334         ; HIGH HALF (889us)
                      00335         ; Toggle 7us on, 21us off for 35.7kHz (~36kHz) for the duration
                      00336         ; Pulsing 7 on, 21 off yields a 1/4 time duty cycle for carrier.
                      00337         ; Has 32 pulses of these periods 32*28us = 896us (~889us)
                      00338         ;
                      00339         ; These two clock cycles contribute to LOW TIME
0000F2 0E20           00340         movlw   d'32'                           ; -1    (2 addit'l low cycles on low time)
0000F4 6E??           00341         movwf   Delay_Count2            ; -1    num pulses counter
                      00342 
0000F6                00343 CarrierLoopZero:
0000F6 8A81           00344         bsf             OUTPUT_LED                      ; -1    (BEGIN ON TIME)
                      00345 ;       goto    $+1                                     ; -2us
                      00346 ;       goto    $+1                                     ; -2us
                      00347 ;       goto    $+1                                     ; -2us  delayed 7us
0000F8 D???           00348     bra DZ1
0000FA D???           00349 DZ1 bra DZ2
0000FC D???           00350 DZ2 bra DZ3
0000FE 9A81           00351 DZ3     bcf             OUTPUT_LED                      ; -1    (BEGIN OFF TIME)
000100 0E05           00352         movlw   d'5'                            ; -1 (Load to finish time accurately)
000102 6E??           00353         movwf   Delay_Count                     ; -1
000104 2E??           00354 DZ4     decfsz  Delay_Count, F          ; -1
000106 D???           00355     bra DZ4
                      00356 ;       goto    $-1                                     ; -2
                      00357                 ; 1 + 1 + 1 + 3*N-1 = 21-3  --> x = 5.33
                      00358                 ; Choose N=5, 1+1+1 + LOOP=14 =17 --> need 1 nop
000108 0000           00359         nop
00010A 2E??           00360         decfsz  Delay_Count2, F         ; -1  3us tacked on each pulse xcept last one
00010C D???           00361         bra     CarrierLoopZero         ; -2  TAKE OFF OF ABOVE CALC
                      00362         ; goto  CarrierLoopZero         ; -2  TAKE OFF OF ABOVE CALC
MPASM  5.48                       RC5_LIB.ASM   4-16-2013  21:58:38         PAGE  8


LOC  OBJECT CODE     LINE SOURCE TEXT
  VALUE

                      00363 
                      00364         ; Last pulse needs its off time 
                      00365         ; that it misses from goto CarrierLoop
                      00366         ; goto  $+1                                     ; -2
00010E D???           00367         bra     DZ5                                     ; -2
                      00368 
                      00369         ; LOW HALF (889us = 889 instr cycles)
000110 9A81           00370 DZ5     bcf     OUTPUT_LED                      ; Turn off LED
                      00371                 ; 1 --> 888us                   ; (-1) instr cycle from total needed
                      00372         ;
000112 0EFF           00373         movlw   0xFF                            ; (-1) Move 0xFF (255) into w
000114 6E??           00374         movwf   Delay_Count                     ; (-1) Move w -> Delay_Count
000116 2E??           00375 DZ6     decfsz  Delay_Count, F          ; (-1) Decrement F, skip if result = 0
000118 D???           00376         bra     DZ6                                     ; (-2) Go back 1, keep decrementing until 0
                      00377 ;       goto    $-1                                     ; (-2) Go back 1, keep decrementing until 0
                      00378                 ; Loop Eq. = 3*N-1 cycles
                      00379                 ; 3*254 = 764us completed in loop, + 3 cycles beforehand..
                      00380                 ; 767us completed --> 122us to go.
                      00381         ;
00011A 0E27           00382         movlw   d'39'                           ; -1 (Load to finish time accurately)
00011C 6E??           00383         movwf   Delay_Count                     ; -1
00011E 2E??           00384 DZ7     decfsz  Delay_Count, F          ; -1
                      00385 ;       goto    $-1                                     ; -2
000120 D???           00386         bra     DZ7                                     ; -2
                      00387                 ; NOTE: there are two cycles following this  (return)
                      00388                 ;               before next bit may be sent.
                      00389                 ; 1 + 1 + 3*N-1 = 122 - 2 --> N=39.66
                      00390                 ; Choose N = 39, gives 116 cycles in loop, +2 setup, +2 lagging
                      00391                 ; = 116+2+2 = 120   -->   return finishes the last 2 instr cycl.
                      00392 
000122 0012           00393         return                                          ; -2
                      00394 
                      00395 
                      00396         
                      00397 
                      00398 ;------------------------------------------------------------------
                      00399 ;  delay_1ms
                      00400 ;
                      00401 ;               Precise delay.  Actually delays 999us, but this allows for
                      00402 ;       any loops calling it to incur 1us of overhead.
                      00403 ;------------------------------------------------------------------
000124                00404 delay_1ms:
000124 0EFF           00405         movlw   0xFF                            ; +1 us
000126 6E??           00406         movwf   Delay_Count                     ; +1 
000128 2E??           00407 D1  decfsz      Delay_Count, F          ; Decrement F, skip if result = 0
00012A D???           00408         bra     D1                                      ; Go back 1, keep decrementing until 0
                      00409 ;       goto    $-1                                     ; Go back 1, keep decrementing until 0
                      00410                                                                 ; Loop = 3*N-1 us = 3*255-1
                      00411                                                                 ; +764
                      00412         ; Need to delay 236us more.  2 of which will be used in return
00012C 0E4C           00413         movlw   d'76'                           ; +1
00012E 6E??           00414         movwf   Delay_Count                     ; +1 234 remain, but only acct for 232
000130 2E??           00415 D2      decfsz  Delay_Count, F          ; 3*N-1 = 232 --> N = 77.66
MPASM  5.48                       RC5_LIB.ASM   4-16-2013  21:58:38         PAGE  9


LOC  OBJECT CODE     LINE SOURCE TEXT
  VALUE

000132 D???           00416         bra     D2                                      ; Choose N=77
                      00417 ;       goto    $-1                                     ; Choose N=77
                      00418 
                      00419 
000134 0012           00420         return                                          ; +2 Return program flow
                      00421 
                      00422 
                      00423 
                      00424 ;------------------------------------------------------------------
                      00425 ;  DebounceDelay
                      00426 ;       
                      00427 ;               Small and simple delay to provide time for bouncing from
                      00428 ;       a button to settle.
                      00429 ;------------------------------------------------------------------
000136                00430 DebounceDelay:
000136 0E03           00431         movlw   d'3'                            ; Move 0xFF into w (count, N)
000138 6E??           00432         movwf   Delay_Count                     ; Move w -> Delay_Count
00013A 2E??           00433 D3      decfsz  Delay_Count, F          ; Decrement F, skip if result = 0
00013C D???           00434         bra     D3                                      ; Go back 1, keep decrementing until 0
                      00435 ;       goto    $-1                                     ; Go back 1, keep decrementing until 0
                      00436                                                                 ; Loop delay = 3*N-1
00013E 0012           00437         return                                          ; Return program flow
                      00438                                                                 ; TOTAL DELAY ~12us
                      00439 
                      00440 
                      00441 
                      00442         
                      00443 
                      00444 ;``````````````````````````````````````````````````````````````````
                      00445         end
MPASM  5.48                       RC5_LIB.ASM   4-16-2013  21:58:38         PAGE 10


SYMBOL TABLE
  LABEL                             VALUE 

A                                 00000000
ABDEN                             00000000
ABDOVF                            00000007
ACCESS                            00000000
ACKDT                             00000005
ACKEN                             00000004
ACKSTAT                           00000006
ACQT0                             00000003
ACQT1                             00000004
ACQT2                             00000005
ACTVIE                            00000002
ACTVIF                            00000002
ADCON0                            00000FC2
ADCON1                            00000FC1
ADCON2                            00000FC0
ADCS0                             00000000
ADCS1                             00000001
ADCS2                             00000002
ADDEN                             00000003
ADDR0                             00000000
ADDR1                             00000001
ADDR2                             00000002
ADDR3                             00000003
ADDR4                             00000004
ADDR5                             00000005
ADDR6                             00000006
ADEN                              00000003
ADFM                              00000007
ADIE                              00000006
ADIF                              00000006
ADIP                              00000006
ADON                              00000000
ADRES                             00000FC3
ADRESH                            00000FC4
ADRESL                            00000FC3
AN0                               00000000
AN1                               00000001
AN2                               00000002
AN3                               00000003
AN4                               00000005
AddrByte                          00000003
BANKED                            00000001
BAUDCON                           00000FB8
BAUDCTL                           00000FB8
BCLIE                             00000003
BCLIF                             00000003
BCLIP                             00000003
BF                                00000000
BGST                              00000005
BOR                               00000000
BRG16                             00000003
BRGH                              00000002
BSR                               00000FE0
MPASM  5.48                       RC5_LIB.ASM   4-16-2013  21:58:38         PAGE 11


SYMBOL TABLE
  LABEL                             VALUE 

BTOEE                             00000004
BTOEF                             00000004
BTSEE                             00000007
BTSEF                             00000007
C                                 00000000
C1INV                             00000004
C1OUT                             00000006
C2INV                             00000005
C2OUT                             00000007
CCP1                              00000002
CCP1AS                            00000FB6
CCP1CON                           00000FBD
CCP1DEL                           00000FB7
CCP1IE                            00000002
CCP1IF                            00000002
CCP1IP                            00000002
CCP1M0                            00000000
CCP1M1                            00000001
CCP1M2                            00000002
CCP1M3                            00000003
CCP2CON                           00000FBA
CCP2IE                            00000000
CCP2IF                            00000000
CCP2IP                            00000000
CCP2M0                            00000000
CCP2M1                            00000001
CCP2M2                            00000002
CCP2M3                            00000003
CCPR1                             00000FBE
CCPR1H                            00000FBF
CCPR1L                            00000FBE
CCPR2                             00000FBB
CCPR2H                            00000FBC
CCPR2L                            00000FBB
CD_PLAYER                         0x14
CFGS                              00000006
CHS0                              00000002
CHS1                              00000003
CHS2                              00000004
CHS3                              00000005
CIS                               00000003
CK                                00000006
CKE                               00000006
CKP                               00000004
CM0                               00000000
CM1                               00000001
CM2                               00000002
CMCON                             00000FB4
CMIE                              00000006
CMIF                              00000006
CMIP                              00000006
CRC16EE                           00000002
CRC16EF                           00000002
MPASM  5.48                       RC5_LIB.ASM   4-16-2013  21:58:38         PAGE 12


SYMBOL TABLE
  LABEL                             VALUE 

CRC5EE                            00000001
CRC5EF                            00000001
CREN                              00000004
CSRC                              00000007
CVR0                              00000000
CVR1                              00000001
CVR2                              00000002
CVR3                              00000003
CVRCON                            00000FB5
CVREF                             00000004
CVREN                             00000007
CVROE                             00000006
CVRR                              00000005
CVRSS                             00000004
CarrierLoopOne                    000000D8
CarrierLoopZero                   000000F6
D                                 00000005
D1                                00000128
D2                                00000130
D3                                0000013A
DATA_ADDRESS                      00000005
DC                                00000001
DC1B0                             00000004
DC1B1                             00000005
DC2B0                             00000004
DC2B1                             00000005
DD0                               000000C6
DD1                               000000CE
DD2                               000000D4
DD3                               000000E6
DDRA                              TRISA
DDRB                              TRISB
DDRC                              TRISC
DDRD                              TRISD
DDRE                              TRISE
DFN8EE                            00000003
DFN8EF                            00000003
DIR                               00000002
DL3                               000000DC
DL4                               000000DE
DL5                               000000E0
DONE                              00000001
DZ1                               000000FA
DZ2                               000000FC
DZ3                               000000FE
DZ4                               00000104
DZ5                               00000110
DZ6                               00000116
DZ7                               0000011E
D_A                               00000005
D_NOT_A                           00000005
DataByte                          00000002
DebounceDelay                     00000136
MPASM  5.48                       RC5_LIB.ASM   4-16-2013  21:58:38         PAGE 13


SYMBOL TABLE
  LABEL                             VALUE 

Delay_Count                       00000000
Delay_Count2                      00000001
ECCP1AS                           00000FB6
ECCP1DEL                          00000FB7
ECCPAS0                           00000004
ECCPAS1                           00000005
ECCPAS2                           00000006
ECCPASE                           00000007
EEADR                             00000FA9
EECON1                            00000FA6
EECON2                            00000FA7
EEDATA                            00000FA8
EEIE                              00000004
EEIF                              00000004
EEIP                              00000004
EEPGD                             00000007
ENDP0                             00000003
ENDP1                             00000004
ENDP2                             00000005
ENDP3                             00000006
EPCONDIS                          00000003
EPHSHK                            00000004
EPINEN                            00000001
EPOUTEN                           00000002
EPSTALL                           00000000
FAST                              00000001
FERR                              00000002
FLTS                              00000002
FREE                              00000004
FRM0                              00000000
FRM1                              00000001
FRM10                             00000002
FRM2                              00000002
FRM3                              00000003
FRM4                              00000004
FRM5                              00000005
FRM6                              00000006
FRM7                              00000007
FRM8                              00000000
FRM9                              00000001
FSEN                              00000002
FSR0                              00000000
FSR0H                             00000FEA
FSR0L                             00000FE9
FSR1                              00000001
FSR1H                             00000FE2
FSR1L                             00000FE1
FSR2                              00000002
FSR2H                             00000FDA
FSR2L                             00000FD9
GCEN                              00000007
GIE                               00000007
GIEH                              00000007
MPASM  5.48                       RC5_LIB.ASM   4-16-2013  21:58:38         PAGE 14


SYMBOL TABLE
  LABEL                             VALUE 

GIEL                              00000006
GIE_GIEH                          00000007
GO                                00000001
GO_DONE                           00000001
GO_NOT_DONE                       00000001
HLVDCON                           00000FD2
HLVDEN                            00000004
HLVDIE                            00000002
HLVDIF                            00000002
HLVDIN                            00000005
HLVDIP                            00000002
HLVDL0                            00000000
HLVDL1                            00000001
HLVDL2                            00000002
HLVDL3                            00000003
I2C_DAT                           00000005
I2C_READ                          00000002
I2C_START                         00000003
I2C_STOP                          00000004
IDLEIE                            00000004
IDLEIF                            00000004
IDLEN                             00000007
INDF0                             00000FEF
INDF1                             00000FE7
INDF2                             00000FDF
INT0                              00000000
INT0E                             00000004
INT0F                             00000001
INT0IE                            00000004
INT0IF                            00000001
INT1                              00000001
INT1E                             00000003
INT1F                             00000000
INT1IE                            00000003
INT1IF                            00000000
INT1IP                            00000006
INT1P                             00000006
INT2                              00000002
INT2E                             00000004
INT2F                             00000001
INT2IE                            00000004
INT2IF                            00000001
INT2IP                            00000007
INT2P                             00000007
INTCON                            00000FF2
INTCON2                           00000FF1
INTCON3                           00000FF0
INTEDG0                           00000006
INTEDG1                           00000005
INTEDG2                           00000004
INTSRC                            00000007
IOFS                              00000002
IPEN                              00000007
MPASM  5.48                       RC5_LIB.ASM   4-16-2013  21:58:38         PAGE 15


SYMBOL TABLE
  LABEL                             VALUE 

IPR1                              00000F9F
IPR2                              00000FA2
IRCF0                             00000004
IRCF1                             00000005
IRCF2                             00000006
IRVST                             00000005
IVRST                             00000005
LATA                              00000F89
LATA0                             00000000
LATA1                             00000001
LATA2                             00000002
LATA3                             00000003
LATA4                             00000004
LATA5                             00000005
LATA6                             00000006
LATB                              00000F8A
LATB0                             00000000
LATB1                             00000001
LATB2                             00000002
LATB3                             00000003
LATB4                             00000004
LATB5                             00000005
LATB6                             00000006
LATB7                             00000007
LATC                              00000F8B
LATC0                             00000000
LATC1                             00000001
LATC2                             00000002
LATC6                             00000006
LATC7                             00000007
LVDCON                            00000FD2
LVDEN                             00000004
LVDIE                             00000002
LVDIF                             00000002
LVDIN                             00000005
LVDIP                             00000002
LVDL0                             00000000
LVDL1                             00000001
LVDL2                             00000002
LVDL3                             00000003
LVV0                              00000000
LVV1                              00000001
LVV2                              00000002
LVV3                              00000003
N                                 00000004
NOT_A                             00000005
NOT_ADDRESS                       00000005
NOT_BOR                           00000000
NOT_DONE                          00000001
NOT_IPEN                          00000007
NOT_PD                            00000002
NOT_POR                           00000001
NOT_RBPU                          00000007
MPASM  5.48                       RC5_LIB.ASM   4-16-2013  21:58:38         PAGE 16


SYMBOL TABLE
  LABEL                             VALUE 

NOT_RI                            00000004
NOT_T1SYNC                        00000002
NOT_T3SYNC                        00000002
NOT_TO                            00000003
NOT_W                             00000002
NOT_WRITE                         00000002
OERR                              00000001
OSC2                              00000006
OSCCON                            00000FD3
OSCFIE                            00000007
OSCFIF                            00000007
OSCFIP                            00000007
OSCTUNE                           00000F9B
OSTS                              00000003
OUTPUT_LED                        PORTB, RB5
OV                                00000003
P                                 00000004
P1A                               00000002
PC                                00000FF9
PCFG0                             00000000
PCFG1                             00000001
PCFG2                             00000002
PCFG3                             00000003
PCL                               00000FF9
PCLATH                            00000FFA
PCLATU                            00000FFB
PD                                00000002
PEIE                              00000006
PEIE_GIEL                         00000006
PEN                               00000002
PGC                               00000006
PGD                               00000007
PGM                               00000005
PIDEE                             00000000
PIDEF                             00000000
PIE1                              00000F9D
PIE2                              00000FA0
PIR1                              00000F9E
PIR2                              00000FA1
PKTDIS                            00000004
PLAY_CMD                          0x35
PLUSW0                            00000FEB
PLUSW1                            00000FE3
PLUSW2                            00000FDB
POR                               00000001
PORTA                             00000F80
PORTB                             00000F81
PORTC                             00000F82
PORTE                             00000F84
POSTDEC0                          00000FED
POSTDEC1                          00000FE5
POSTDEC2                          00000FDD
POSTINC0                          00000FEE
MPASM  5.48                       RC5_LIB.ASM   4-16-2013  21:58:38         PAGE 17


SYMBOL TABLE
  LABEL                             VALUE 

POSTINC1                          00000FE6
POSTINC2                          00000FDE
PPB0                              00000000
PPB1                              00000001
PPBI                              00000001
PPBRST                            00000006
PR2                               00000FCB
PREINC0                           00000FEC
PREINC1                           00000FE4
PREINC2                           00000FDC
PROD                              00000FF3
PRODH                             00000FF4
PRODL                             00000FF3
PRSEN                             00000007
PSA                               00000003
PSSAC0                            00000002
PSSAC1                            00000003
R                                 00000002
RA0                               00000000
RA1                               00000001
RA2                               00000002
RA3                               00000003
RA4                               00000004
RA5                               00000005
RA6                               00000006
RB0                               00000000
RB1                               00000001
RB2                               00000002
RB3                               00000003
RB4                               00000004
RB5                               00000005
RB6                               00000006
RB7                               00000007
RBIE                              00000003
RBIF                              00000000
RBIP                              00000000
RBPU                              00000007
RC0                               00000000
RC1                               00000001
RC2                               00000002
RC4                               00000004
RC5                               00000005
RC6                               00000006
RC7                               00000007
RCEN                              00000003
RCIDL                             00000006
RCIE                              00000005
RCIF                              00000005
RCIP                              00000005
RCMT                              00000006
RCON                              00000FD0
RCREG                             00000FAE
RCSTA                             00000FAB
MPASM  5.48                       RC5_LIB.ASM   4-16-2013  21:58:38         PAGE 18


SYMBOL TABLE
  LABEL                             VALUE 

RD                                00000000
RD16                              00000007
RE3                               00000003
READ_WRITE                        00000002
RESUME                            00000002
RI                                00000004
RSEN                              00000001
RX                                00000007
RX9                               00000006
RX9D                              00000000
RXDTP                             00000005
R_NOT_W                           00000002
R_W                               00000002
S                                 00000003
SBOREN                            00000006
SCKP                              00000004
SCS0                              00000000
SCS1                              00000001
SE0                               00000005
SEN                               00000000
SENDB                             00000003
SMP                               00000007
SOFIE                             00000006
SOFIF                             00000006
SPBRG                             00000FAF
SPBRGH                            00000FB0
SPEN                              00000007
SREN                              00000005
SSPADD                            00000FC8
SSPBUF                            00000FC9
SSPCON1                           00000FC6
SSPCON2                           00000FC5
SSPEN                             00000005
SSPIE                             00000003
SSPIF                             00000003
SSPIP                             00000003
SSPM0                             00000000
SSPM1                             00000001
SSPM2                             00000002
SSPM3                             00000003
SSPOV                             00000006
SSPSTAT                           00000FC7
STALLIE                           00000005
STALLIF                           00000005
STATUS                            00000FD8
STKFUL                            00000007
STKOVF                            00000007
STKPTR                            00000FFC
STKPTR0                           00000000
STKPTR1                           00000001
STKPTR2                           00000002
STKPTR3                           00000003
STKPTR4                           00000004
MPASM  5.48                       RC5_LIB.ASM   4-16-2013  21:58:38         PAGE 19


SYMBOL TABLE
  LABEL                             VALUE 

STKUNF                            00000006
STOP_CMD                          0x36
SUSPND                            00000001
SWDTE                             00000000
SWDTEN                            00000000
SYNC                              00000004
SendOne                           000000C0
SendRC5                           00000000
SendZero                          000000F2
T08BIT                            00000006
T0CKI                             00000004
T0CON                             00000FD5
T0CS                              00000005
T0IE                              00000005
T0IF                              00000002
T0IP                              00000002
T0PS0                             00000000
T0PS1                             00000001
T0PS2                             00000002
T0SE                              00000004
T13CKI                            00000000
T1CKPS0                           00000004
T1CKPS1                           00000005
T1CON                             00000FCD
T1OSCEN                           00000003
T1OSI                             00000001
T1OSO                             00000000
T1RUN                             00000006
T1SYNC                            00000002
T2CKPS0                           00000000
T2CKPS1                           00000001
T2CON                             00000FCA
T2OUTPS0                          00000003
T2OUTPS1                          00000004
T2OUTPS2                          00000005
T2OUTPS3                          00000006
T3CCP1                            00000003
T3CCP2                            00000006
T3CKPS0                           00000004
T3CKPS1                           00000005
T3CON                             00000FB1
T3NSYNC                           00000002
T3SYNC                            00000002
TABLAT                            00000FF5
TBLPTR                            00000FF6
TBLPTRH                           00000FF7
TBLPTRL                           00000FF6
TBLPTRU                           00000FF8
TMR0                              00000FD6
TMR0H                             00000FD7
TMR0IE                            00000005
TMR0IF                            00000002
TMR0IP                            00000002
MPASM  5.48                       RC5_LIB.ASM   4-16-2013  21:58:38         PAGE 20


SYMBOL TABLE
  LABEL                             VALUE 

TMR0L                             00000FD6
TMR0ON                            00000007
TMR1                              00000FCE
TMR1CS                            00000001
TMR1H                             00000FCF
TMR1IE                            00000000
TMR1IF                            00000000
TMR1IP                            00000000
TMR1L                             00000FCE
TMR1ON                            00000000
TMR2                              00000FCC
TMR2IE                            00000001
TMR2IF                            00000001
TMR2IP                            00000001
TMR2ON                            00000002
TMR3                              00000FB2
TMR3CS                            00000001
TMR3H                             00000FB3
TMR3IE                            00000001
TMR3IF                            00000001
TMR3IP                            00000001
TMR3L                             00000FB2
TMR3ON                            00000000
TO                                00000003
TOS                               00000FFD
TOSH                              00000FFE
TOSL                              00000FFD
TOSU                              00000FFF
TOUTPS0                           00000003
TOUTPS1                           00000004
TOUTPS2                           00000005
TOUTPS3                           00000006
TRISA                             00000F92
TRISA0                            00000000
TRISA1                            00000001
TRISA2                            00000002
TRISA3                            00000003
TRISA4                            00000004
TRISA5                            00000005
TRISA6                            00000006
TRISB                             00000F93
TRISB0                            00000000
TRISB1                            00000001
TRISB2                            00000002
TRISB3                            00000003
TRISB4                            00000004
TRISB5                            00000005
TRISB6                            00000006
TRISB7                            00000007
TRISC                             00000F94
TRISC0                            00000000
TRISC1                            00000001
TRISC2                            00000002
MPASM  5.48                       RC5_LIB.ASM   4-16-2013  21:58:38         PAGE 21


SYMBOL TABLE
  LABEL                             VALUE 

TRISC6                            00000006
TRISC7                            00000007
TRMT                              00000001
TRNIE                             00000003
TRNIF                             00000003
TUN0                              00000000
TUN1                              00000001
TUN2                              00000002
TUN3                              00000003
TUN4                              00000004
TV1                               0x00
TX                                00000006
TX9                               00000006
TX9D                              00000000
TXCKP                             00000004
TXEN                              00000005
TXIE                              00000004
TXIF                              00000004
TXIP                              00000004
TXREG                             00000FAD
TXSTA                             00000FAC
ToggByte                          00000004
UA                                00000001
UADDR                             00000F6E
UCFG                              00000F6F
UCON                              00000F6D
UEIE                              00000F6B
UEIR                              00000F6A
UEP0                              00000F70
UEP1                              00000F71
UEP10                             00000F7A
UEP11                             00000F7B
UEP12                             00000F7C
UEP13                             00000F7D
UEP14                             00000F7E
UEP15                             00000F7F
UEP2                              00000F72
UEP3                              00000F73
UEP4                              00000F74
UEP5                              00000F75
UEP6                              00000F76
UEP7                              00000F77
UEP8                              00000F78
UEP9                              00000F79
UERRIE                            00000001
UERRIF                            00000001
UFRM                              00000F66
UFRMH                             00000F67
UFRML                             00000F66
UIE                               00000F69
UIR                               00000F68
UOEMON                            00000006
UPUEN                             00000004
MPASM  5.48                       RC5_LIB.ASM   4-16-2013  21:58:38         PAGE 22


SYMBOL TABLE
  LABEL                             VALUE 

URSTIE                            00000000
URSTIF                            00000000
USBEN                             00000003
USBIE                             00000005
USBIF                             00000005
USBIP                             00000005
USTAT                             00000F6C
UTEYE                             00000007
UTRDIS                            00000003
VCFG0                             00000004
VCFG1                             00000005
VDIRMAG                           00000007
VOLDOWN_CMD                       0x11
VOLUP_CMD                         0x10
VREFM                             00000002
VREFP                             00000003
W                                 00000000
WCOL                              00000007
WDTCON                            00000FD1
WR                                00000001
WREG                              00000FE8
WREN                              00000002
WRERR                             00000003
WUE                               00000001
Z                                 00000002
_BORV_0_2L                        000000E7
_BORV_1_2L                        000000EF
_BORV_2_2L                        000000F7
_BORV_3_2L                        000000FF
_BOR_OFF_2L                       000000F9
_BOR_ON_2L                        000000FF
_BOR_ON_ACTIVE_2L                 000000FD
_BOR_SOFT_2L                      000000FB
_CCP2MX_OFF_3H                    000000FE
_CCP2MX_ON_3H                     000000FF
_CONFIG1H                         00300001
_CONFIG1L                         00300000
_CONFIG2H                         00300003
_CONFIG2L                         00300002
_CONFIG3H                         00300005
_CONFIG4L                         00300006
_CONFIG5H                         00300009
_CONFIG5L                         00300008
_CONFIG6H                         0030000B
_CONFIG6L                         0030000A
_CONFIG7H                         0030000D
_CONFIG7L                         0030000C
_CP0_OFF_5L                       000000FF
_CP0_ON_5L                        000000FE
_CP1_OFF_5L                       000000FF
_CP1_ON_5L                        000000FD
_CP2_OFF_5L                       000000FF
_CP2_ON_5L                        000000FB
MPASM  5.48                       RC5_LIB.ASM   4-16-2013  21:58:38         PAGE 23


SYMBOL TABLE
  LABEL                             VALUE 

_CPB_OFF_5H                       000000FF
_CPB_ON_5H                        000000BF
_CPD_OFF_5H                       000000FF
_CPD_ON_5H                        0000007F
_CPUDIV_OSC1_PLL2_1L              000000E7
_CPUDIV_OSC2_PLL3_1L              000000EF
_CPUDIV_OSC3_PLL4_1L              000000F7
_CPUDIV_OSC4_PLL6_1L              000000FF
_DEBUG_OFF_4L                     000000FF
_DEBUG_ON_4L                      0000007F
_DEVID1                           003FFFFE
_DEVID2                           003FFFFF
_EBTR0_OFF_7L                     000000FF
_EBTR0_ON_7L                      000000FE
_EBTR1_OFF_7L                     000000FF
_EBTR1_ON_7L                      000000FD
_EBTR2_OFF_7L                     000000FF
_EBTR2_ON_7L                      000000FB
_EBTRB_OFF_7H                     000000FF
_EBTRB_ON_7H                      000000BF
_FCMEN_OFF_1H                     000000BF
_FCMEN_ON_1H                      000000FF
_FOSC_ECIO_EC_1H                  000000F4
_FOSC_ECPLLIO_EC_1H               000000F6
_FOSC_ECPLL_EC_1H                 000000F7
_FOSC_EC_EC_1H                    000000F5
_FOSC_HSPLL_HS_1H                 000000FE
_FOSC_HS_1H                       000000FC
_FOSC_INTOSCIO_EC_1H              000000F8
_FOSC_INTOSC_EC_1H                000000F9
_FOSC_INTOSC_HS_1H                000000FB
_FOSC_INTOSC_XT_1H                000000FA
_FOSC_XTPLL_XT_1H                 000000F2
_FOSC_XT_XT_1H                    000000F0
_IDLOC0                           00200000
_IDLOC1                           00200001
_IDLOC2                           00200002
_IDLOC3                           00200003
_IDLOC4                           00200004
_IDLOC5                           00200005
_IDLOC6                           00200006
_IDLOC7                           00200007
_IESO_OFF_1H                      0000007F
_IESO_ON_1H                       000000FF
_LPT1OSC_OFF_3H                   000000FB
_LPT1OSC_ON_3H                    000000FF
_LVP_OFF_4L                       000000FB
_LVP_ON_4L                        000000FF
_MCLRE_OFF_3H                     0000007F
_MCLRE_ON_3H                      000000FF
_PBADEN_OFF_3H                    000000FD
_PBADEN_ON_3H                     000000FF
_PLLDIV_10_1L                     000000FE
MPASM  5.48                       RC5_LIB.ASM   4-16-2013  21:58:38         PAGE 24


SYMBOL TABLE
  LABEL                             VALUE 

_PLLDIV_12_1L                     000000FF
_PLLDIV_1_1L                      000000F8
_PLLDIV_2_1L                      000000F9
_PLLDIV_3_1L                      000000FA
_PLLDIV_4_1L                      000000FB
_PLLDIV_5_1L                      000000FC
_PLLDIV_6_1L                      000000FD
_PWRT_OFF_2L                      000000FF
_PWRT_ON_2L                       000000FE
_STVREN_OFF_4L                    000000FE
_STVREN_ON_4L                     000000FF
_USBDIV_1_1L                      000000DF
_USBDIV_2_1L                      000000FF
_VREGEN_OFF_2L                    000000DF
_VREGEN_ON_2L                     000000FF
_WDTPS_1024_2H                    000000F5
_WDTPS_128_2H                     000000EF
_WDTPS_16384_2H                   000000FD
_WDTPS_16_2H                      000000E9
_WDTPS_1_2H                       000000E1
_WDTPS_2048_2H                    000000F7
_WDTPS_256_2H                     000000F1
_WDTPS_2_2H                       000000E3
_WDTPS_32768_2H                   000000FF
_WDTPS_32_2H                      000000EB
_WDTPS_4096_2H                    000000F9
_WDTPS_4_2H                       000000E5
_WDTPS_512_2H                     000000F3
_WDTPS_64_2H                      000000ED
_WDTPS_8192_2H                    000000FB
_WDTPS_8_2H                       000000E7
_WDT_OFF_2H                       000000FE
_WDT_ON_2H                        000000FF
_WRT0_OFF_6L                      000000FF
_WRT0_ON_6L                       000000FE
_WRT1_OFF_6L                      000000FF
_WRT1_ON_6L                       000000FD
_WRT2_OFF_6L                      000000FF
_WRT2_ON_6L                       000000FB
_WRTB_OFF_6H                      000000FF
_WRTB_ON_6H                       000000BF
_WRTC_OFF_6H                      000000FF
_WRTC_ON_6H                       000000DF
_WRTD_OFF_6H                      000000FF
_WRTD_ON_6H                       0000007F
_XINST_OFF_4L                     000000BF
_XINST_ON_4L                      000000FF
__18F2455                         00000001
delay_1ms                         00000124

MPASM  5.48                       RC5_LIB.ASM   4-16-2013  21:58:38         PAGE 25





Errors   :     0
Warnings :     0 reported,     0 suppressed
Messages :     0 reported,     0 suppressed

